Arguments: 
  /usr/local/bin/node /usr/local/Cellar/yarn/1.22.10/libexec/bin/yarn.js deploy

PATH: 
  /Users/tebeck/.npm-global/bin:/usr/local/bin:/usr/bin:/bin:/usr/sbin:/sbin

Yarn version: 
  1.22.10

Node version: 
  14.15.5

Platform: 
  darwin x64

Trace: 
  SyntaxError: /Users/tebeck/Workspace/TodoList/client/package.json: Unexpected token } in JSON at position 416
      at JSON.parse (<anonymous>)
      at /usr/local/Cellar/yarn/1.22.10/libexec/lib/cli.js:1625:59
      at Generator.next (<anonymous>)
      at step (/usr/local/Cellar/yarn/1.22.10/libexec/lib/cli.js:310:30)
      at /usr/local/Cellar/yarn/1.22.10/libexec/lib/cli.js:321:13

npm manifest: 
  {
    "name": "react",
    "version": "1.0.0",
    "description": "",
    "main": "index.js",
    "scripts": {
      "dev": "npx webpack serve --mode development",
      "test": "mocha \"src/**/*.test.js\" --require @babel/register --recursive",
      "build": "npx webpack --mode development",
      "rsync": "rsync -arvz --progress dist/* root@66.97.32.193:/var/platform/www/todoList/",
      "deploy": "yarn build && yarn rsync ",
    },
    "keywords": [],
    "author": "",
    "license": "ISC",
    "dependencies": {
      "react": "^17.0.1",
      "react-dom": "^17.0.1",
      "react-redux": "^7.2.2",
      "redux": "^4.0.5",
      "redux-persist": "^6.0.0",
      "redux-thunk": "^2.3.0",
      "reselect": "^4.0.0",
      "styled-components": "^5.2.1"
    },
    "devDependencies": {
      "@babel/cli": "^7.12.16",
      "@babel/core": "^7.12.16",
      "@babel/plugin-transform-runtime": "^7.12.15",
      "@babel/preset-env": "^7.12.16",
      "@babel/preset-react": "^7.12.13",
      "@babel/register": "^7.12.13",
      "@babel/runtime": "^7.12.13",
      "@hot-loader/react-dom": "^16.8.6",
      "babel-loader": "^8.2.2",
      "chai": "^4.3.0",
      "css-loader": "^5.0.2",
      "fetch-mock": "^9.11.0",
      "mocha": "^8.3.0",
      "node-fetch": "^2.6.1",
      "react-hot-loader": "^4.13.0",
      "redux-devtools-extension": "^2.13.8",
      "sinon": "^9.2.4",
      "style-loader": "^2.0.0",
      "webpack": "^5.21.2",
      "webpack-cli": "^4.5.0",
      "webpack-dev-server": "^3.11.2"
    }
  }

yarn manifest: 
  No manifest

Lockfile: 
  No lockfile
